<?xml version="1.0" encoding="UTF-8"?>
<testsuite xmlns:xsi="http://www.w3.org/2001/XMLSchema-instance" xsi:noNamespaceSchemaLocation="https://maven.apache.org/surefire/maven-surefire-plugin/xsd/surefire-test-report.xsd" name="DemoApplicationTests" time="0.092" tests="2" errors="0" skipped="0" failures="0">
  <properties>
    <property name="gopherProxySet" value="false"/>
    <property name="awt.toolkit" value="sun.lwawt.macosx.LWCToolkit"/>
    <property name="file.encoding.pkg" value="sun.io"/>
    <property name="java.specification.version" value="1.8"/>
    <property name="sun.cpu.isalist" value=""/>
    <property name="sun.jnu.encoding" value="UTF-8"/>
    <property name="java.class.path" value="/Users/hajjarbensmail/Desktop/wunderit/target/test-classes:/Users/hajjarbensmail/Desktop/wunderit/target/classes:/Users/hajjarbensmail/.m2/repository/org/springframework/boot/spring-boot-starter-jersey/1.2.7.RELEASE/spring-boot-starter-jersey-1.2.7.RELEASE.jar:/Users/hajjarbensmail/.m2/repository/org/springframework/boot/spring-boot-starter/1.2.7.RELEASE/spring-boot-starter-1.2.7.RELEASE.jar:/Users/hajjarbensmail/.m2/repository/org/springframework/boot/spring-boot/1.2.7.RELEASE/spring-boot-1.2.7.RELEASE.jar:/Users/hajjarbensmail/.m2/repository/org/springframework/boot/spring-boot-autoconfigure/1.2.7.RELEASE/spring-boot-autoconfigure-1.2.7.RELEASE.jar:/Users/hajjarbensmail/.m2/repository/org/springframework/boot/spring-boot-starter-logging/1.2.7.RELEASE/spring-boot-starter-logging-1.2.7.RELEASE.jar:/Users/hajjarbensmail/.m2/repository/org/slf4j/jcl-over-slf4j/1.7.12/jcl-over-slf4j-1.7.12.jar:/Users/hajjarbensmail/.m2/repository/org/slf4j/slf4j-api/1.7.12/slf4j-api-1.7.12.jar:/Users/hajjarbensmail/.m2/repository/org/slf4j/jul-to-slf4j/1.7.12/jul-to-slf4j-1.7.12.jar:/Users/hajjarbensmail/.m2/repository/org/slf4j/log4j-over-slf4j/1.7.12/log4j-over-slf4j-1.7.12.jar:/Users/hajjarbensmail/.m2/repository/ch/qos/logback/logback-classic/1.1.3/logback-classic-1.1.3.jar:/Users/hajjarbensmail/.m2/repository/ch/qos/logback/logback-core/1.1.3/logback-core-1.1.3.jar:/Users/hajjarbensmail/.m2/repository/org/yaml/snakeyaml/1.14/snakeyaml-1.14.jar:/Users/hajjarbensmail/.m2/repository/com/fasterxml/jackson/core/jackson-databind/2.4.6/jackson-databind-2.4.6.jar:/Users/hajjarbensmail/.m2/repository/com/fasterxml/jackson/core/jackson-annotations/2.4.6/jackson-annotations-2.4.6.jar:/Users/hajjarbensmail/.m2/repository/com/fasterxml/jackson/core/jackson-core/2.4.6/jackson-core-2.4.6.jar:/Users/hajjarbensmail/.m2/repository/org/hibernate/hibernate-validator/5.1.3.Final/hibernate-validator-5.1.3.Final.jar:/Users/hajjarbensmail/.m2/repository/javax/validation/validation-api/1.1.0.Final/validation-api-1.1.0.Final.jar:/Users/hajjarbensmail/.m2/repository/org/jboss/logging/jboss-logging/3.1.3.GA/jboss-logging-3.1.3.GA.jar:/Users/hajjarbensmail/.m2/repository/com/fasterxml/classmate/1.0.0/classmate-1.0.0.jar:/Users/hajjarbensmail/.m2/repository/org/springframework/spring-core/4.1.8.RELEASE/spring-core-4.1.8.RELEASE.jar:/Users/hajjarbensmail/.m2/repository/org/springframework/spring-web/4.1.8.RELEASE/spring-web-4.1.8.RELEASE.jar:/Users/hajjarbensmail/.m2/repository/org/springframework/spring-aop/4.1.8.RELEASE/spring-aop-4.1.8.RELEASE.jar:/Users/hajjarbensmail/.m2/repository/aopalliance/aopalliance/1.0/aopalliance-1.0.jar:/Users/hajjarbensmail/.m2/repository/org/springframework/spring-beans/4.1.8.RELEASE/spring-beans-4.1.8.RELEASE.jar:/Users/hajjarbensmail/.m2/repository/org/springframework/spring-context/4.1.8.RELEASE/spring-context-4.1.8.RELEASE.jar:/Users/hajjarbensmail/.m2/repository/org/springframework/spring-expression/4.1.8.RELEASE/spring-expression-4.1.8.RELEASE.jar:/Users/hajjarbensmail/.m2/repository/org/glassfish/jersey/core/jersey-server/2.14/jersey-server-2.14.jar:/Users/hajjarbensmail/.m2/repository/org/glassfish/jersey/core/jersey-common/2.14/jersey-common-2.14.jar:/Users/hajjarbensmail/.m2/repository/org/glassfish/jersey/bundles/repackaged/jersey-guava/2.14/jersey-guava-2.14.jar:/Users/hajjarbensmail/.m2/repository/org/glassfish/hk2/osgi-resource-locator/1.0.1/osgi-resource-locator-1.0.1.jar:/Users/hajjarbensmail/.m2/repository/org/glassfish/jersey/core/jersey-client/2.14/jersey-client-2.14.jar:/Users/hajjarbensmail/.m2/repository/javax/ws/rs/javax.ws.rs-api/2.0.1/javax.ws.rs-api-2.0.1.jar:/Users/hajjarbensmail/.m2/repository/javax/annotation/javax.annotation-api/1.2/javax.annotation-api-1.2.jar:/Users/hajjarbensmail/.m2/repository/org/glassfish/hk2/hk2-api/2.4.0-b06/hk2-api-2.4.0-b06.jar:/Users/hajjarbensmail/.m2/repository/org/glassfish/hk2/hk2-utils/2.4.0-b06/hk2-utils-2.4.0-b06.jar:/Users/hajjarbensmail/.m2/repository/org/glassfish/hk2/external/aopalliance-repackaged/2.4.0-b06/aopalliance-repackaged-2.4.0-b06.jar:/Users/hajjarbensmail/.m2/repository/org/glassfish/hk2/external/javax.inject/2.4.0-b06/javax.inject-2.4.0-b06.jar:/Users/hajjarbensmail/.m2/repository/org/glassfish/hk2/hk2-locator/2.4.0-b06/hk2-locator-2.4.0-b06.jar:/Users/hajjarbensmail/.m2/repository/org/javassist/javassist/3.18.1-GA/javassist-3.18.1-GA.jar:/Users/hajjarbensmail/.m2/repository/org/glassfish/jersey/containers/jersey-container-servlet-core/2.14/jersey-container-servlet-core-2.14.jar:/Users/hajjarbensmail/.m2/repository/org/glassfish/jersey/containers/jersey-container-servlet/2.14/jersey-container-servlet-2.14.jar:/Users/hajjarbensmail/.m2/repository/org/glassfish/jersey/ext/jersey-bean-validation/2.14/jersey-bean-validation-2.14.jar:/Users/hajjarbensmail/.m2/repository/org/glassfish/jersey/ext/jersey-spring3/2.14/jersey-spring3-2.14.jar:/Users/hajjarbensmail/.m2/repository/org/glassfish/hk2/hk2/2.4.0-b06/hk2-2.4.0-b06.jar:/Users/hajjarbensmail/.m2/repository/org/glassfish/hk2/config-types/2.4.0-b06/config-types-2.4.0-b06.jar:/Users/hajjarbensmail/.m2/repository/org/glassfish/hk2/core/2.4.0-b06/core-2.4.0-b06.jar:/Users/hajjarbensmail/.m2/repository/org/glassfish/hk2/hk2-config/2.4.0-b06/hk2-config-2.4.0-b06.jar:/Users/hajjarbensmail/.m2/repository/org/jvnet/tiger-types/1.4/tiger-types-1.4.jar:/Users/hajjarbensmail/.m2/repository/org/glassfish/hk2/external/bean-validator/2.4.0-b06/bean-validator-2.4.0-b06.jar:/Users/hajjarbensmail/.m2/repository/org/glassfish/hk2/hk2-runlevel/2.4.0-b06/hk2-runlevel-2.4.0-b06.jar:/Users/hajjarbensmail/.m2/repository/org/glassfish/hk2/class-model/2.4.0-b06/class-model-2.4.0-b06.jar:/Users/hajjarbensmail/.m2/repository/org/glassfish/hk2/external/asm-all-repackaged/2.4.0-b06/asm-all-repackaged-2.4.0-b06.jar:/Users/hajjarbensmail/.m2/repository/org/glassfish/hk2/spring-bridge/2.4.0-b06/spring-bridge-2.4.0-b06.jar:/Users/hajjarbensmail/.m2/repository/org/glassfish/jersey/media/jersey-media-json-jackson/2.14/jersey-media-json-jackson-2.14.jar:/Users/hajjarbensmail/.m2/repository/com/fasterxml/jackson/jaxrs/jackson-jaxrs-base/2.3.2/jackson-jaxrs-base-2.3.2.jar:/Users/hajjarbensmail/.m2/repository/com/fasterxml/jackson/jaxrs/jackson-jaxrs-json-provider/2.3.2/jackson-jaxrs-json-provider-2.3.2.jar:/Users/hajjarbensmail/.m2/repository/com/fasterxml/jackson/module/jackson-module-jaxb-annotations/2.3.2/jackson-module-jaxb-annotations-2.3.2.jar:/Users/hajjarbensmail/.m2/repository/org/springframework/boot/spring-boot-starter-jetty/1.2.7.RELEASE/spring-boot-starter-jetty-1.2.7.RELEASE.jar:/Users/hajjarbensmail/.m2/repository/org/eclipse/jetty/jetty-jsp/9.2.13.v20150730/jetty-jsp-9.2.13.v20150730.jar:/Users/hajjarbensmail/.m2/repository/org/eclipse/jetty/toolchain/jetty-schemas/3.1.M0/jetty-schemas-3.1.M0.jar:/Users/hajjarbensmail/.m2/repository/javax/servlet/javax.servlet-api/3.1.0/javax.servlet-api-3.1.0.jar:/Users/hajjarbensmail/.m2/repository/javax/servlet/jsp/javax.servlet.jsp-api/2.3.1/javax.servlet.jsp-api-2.3.1.jar:/Users/hajjarbensmail/.m2/repository/org/glassfish/web/javax.servlet.jsp/2.3.2/javax.servlet.jsp-2.3.2.jar:/Users/hajjarbensmail/.m2/repository/org/eclipse/jetty/orbit/javax.servlet.jsp.jstl/1.2.0.v201105211821/javax.servlet.jsp.jstl-1.2.0.v201105211821.jar:/Users/hajjarbensmail/.m2/repository/org/glassfish/web/javax.servlet.jsp.jstl/1.2.2/javax.servlet.jsp.jstl-1.2.2.jar:/Users/hajjarbensmail/.m2/repository/org/glassfish/javax.el/3.0.0/javax.el-3.0.0.jar:/Users/hajjarbensmail/.m2/repository/org/eclipse/jetty/orbit/org.eclipse.jdt.core/3.8.2.v20130121/org.eclipse.jdt.core-3.8.2.v20130121.jar:/Users/hajjarbensmail/.m2/repository/org/eclipse/jetty/jetty-webapp/9.2.13.v20150730/jetty-webapp-9.2.13.v20150730.jar:/Users/hajjarbensmail/.m2/repository/org/eclipse/jetty/jetty-xml/9.2.13.v20150730/jetty-xml-9.2.13.v20150730.jar:/Users/hajjarbensmail/.m2/repository/org/eclipse/jetty/jetty-util/9.2.13.v20150730/jetty-util-9.2.13.v20150730.jar:/Users/hajjarbensmail/.m2/repository/org/eclipse/jetty/jetty-servlet/9.2.13.v20150730/jetty-servlet-9.2.13.v20150730.jar:/Users/hajjarbensmail/.m2/repository/org/eclipse/jetty/jetty-security/9.2.13.v20150730/jetty-security-9.2.13.v20150730.jar:/Users/hajjarbensmail/.m2/repository/org/eclipse/jetty/jetty-server/9.2.13.v20150730/jetty-server-9.2.13.v20150730.jar:/Users/hajjarbensmail/.m2/repository/org/eclipse/jetty/websocket/websocket-server/9.2.13.v20150730/websocket-server-9.2.13.v20150730.jar:/Users/hajjarbensmail/.m2/repository/org/eclipse/jetty/websocket/websocket-common/9.2.13.v20150730/websocket-common-9.2.13.v20150730.jar:/Users/hajjarbensmail/.m2/repository/org/eclipse/jetty/websocket/websocket-api/9.2.13.v20150730/websocket-api-9.2.13.v20150730.jar:/Users/hajjarbensmail/.m2/repository/org/eclipse/jetty/jetty-io/9.2.13.v20150730/jetty-io-9.2.13.v20150730.jar:/Users/hajjarbensmail/.m2/repository/org/eclipse/jetty/websocket/websocket-client/9.2.13.v20150730/websocket-client-9.2.13.v20150730.jar:/Users/hajjarbensmail/.m2/repository/org/eclipse/jetty/websocket/websocket-servlet/9.2.13.v20150730/websocket-servlet-9.2.13.v20150730.jar:/Users/hajjarbensmail/.m2/repository/org/eclipse/jetty/jetty-http/9.2.13.v20150730/jetty-http-9.2.13.v20150730.jar:/Users/hajjarbensmail/.m2/repository/org/eclipse/jetty/websocket/javax-websocket-server-impl/9.2.13.v20150730/javax-websocket-server-impl-9.2.13.v20150730.jar:/Users/hajjarbensmail/.m2/repository/org/eclipse/jetty/jetty-annotations/9.2.13.v20150730/jetty-annotations-9.2.13.v20150730.jar:/Users/hajjarbensmail/.m2/repository/org/eclipse/jetty/jetty-plus/9.2.13.v20150730/jetty-plus-9.2.13.v20150730.jar:/Users/hajjarbensmail/.m2/repository/org/eclipse/jetty/jetty-jndi/9.2.13.v20150730/jetty-jndi-9.2.13.v20150730.jar:/Users/hajjarbensmail/.m2/repository/org/ow2/asm/asm/5.0.1/asm-5.0.1.jar:/Users/hajjarbensmail/.m2/repository/org/ow2/asm/asm-commons/5.0.1/asm-commons-5.0.1.jar:/Users/hajjarbensmail/.m2/repository/org/ow2/asm/asm-tree/5.0.1/asm-tree-5.0.1.jar:/Users/hajjarbensmail/.m2/repository/org/eclipse/jetty/websocket/javax-websocket-client-impl/9.2.13.v20150730/javax-websocket-client-impl-9.2.13.v20150730.jar:/Users/hajjarbensmail/.m2/repository/javax/websocket/javax.websocket-api/1.0/javax.websocket-api-1.0.jar:/Users/hajjarbensmail/.m2/repository/org/msgpack/jackson-dataformat-msgpack/0.7.1/jackson-dataformat-msgpack-0.7.1.jar:/Users/hajjarbensmail/.m2/repository/org/msgpack/msgpack-core/0.7.1/msgpack-core-0.7.1.jar:/Users/hajjarbensmail/.m2/repository/org/projectlombok/lombok/1.16.4/lombok-1.16.4.jar:/Users/hajjarbensmail/.m2/repository/org/springframework/boot/spring-boot-starter-test/1.2.7.RELEASE/spring-boot-starter-test-1.2.7.RELEASE.jar:/Users/hajjarbensmail/.m2/repository/org/mockito/mockito-core/1.10.19/mockito-core-1.10.19.jar:/Users/hajjarbensmail/.m2/repository/org/objenesis/objenesis/2.1/objenesis-2.1.jar:/Users/hajjarbensmail/.m2/repository/org/hamcrest/hamcrest-core/1.3/hamcrest-core-1.3.jar:/Users/hajjarbensmail/.m2/repository/org/hamcrest/hamcrest-library/1.3/hamcrest-library-1.3.jar:/Users/hajjarbensmail/.m2/repository/org/springframework/spring-test/4.1.8.RELEASE/spring-test-4.1.8.RELEASE.jar:/Users/hajjarbensmail/.m2/repository/com/jayway/restassured/rest-assured/2.4.1/rest-assured-2.4.1.jar:/Users/hajjarbensmail/.m2/repository/org/codehaus/groovy/groovy/2.4.4/groovy-2.4.4.jar:/Users/hajjarbensmail/.m2/repository/org/codehaus/groovy/groovy-xml/2.4.4/groovy-xml-2.4.4.jar:/Users/hajjarbensmail/.m2/repository/org/apache/httpcomponents/httpclient/4.3.6/httpclient-4.3.6.jar:/Users/hajjarbensmail/.m2/repository/org/apache/httpcomponents/httpcore/4.3.3/httpcore-4.3.3.jar:/Users/hajjarbensmail/.m2/repository/commons-codec/commons-codec/1.6/commons-codec-1.6.jar:/Users/hajjarbensmail/.m2/repository/org/apache/httpcomponents/httpmime/4.3.6/httpmime-4.3.6.jar:/Users/hajjarbensmail/.m2/repository/org/ccil/cowan/tagsoup/tagsoup/1.2.1/tagsoup-1.2.1.jar:/Users/hajjarbensmail/.m2/repository/com/jayway/restassured/json-path/2.4.1/json-path-2.4.1.jar:/Users/hajjarbensmail/.m2/repository/org/codehaus/groovy/groovy-json/2.4.4/groovy-json-2.4.4.jar:/Users/hajjarbensmail/.m2/repository/com/jayway/restassured/rest-assured-common/2.4.1/rest-assured-common-2.4.1.jar:/Users/hajjarbensmail/.m2/repository/com/jayway/restassured/xml-path/2.4.1/xml-path-2.4.1.jar:/Users/hajjarbensmail/.m2/repository/org/apache/commons/commons-lang3/3.3.2/commons-lang3-3.3.2.jar:/Users/hajjarbensmail/.m2/repository/org/junit/jupiter/junit-jupiter-api/5.3.2/junit-jupiter-api-5.3.2.jar:/Users/hajjarbensmail/.m2/repository/org/apiguardian/apiguardian-api/1.0.0/apiguardian-api-1.0.0.jar:/Users/hajjarbensmail/.m2/repository/org/opentest4j/opentest4j/1.1.1/opentest4j-1.1.1.jar:/Users/hajjarbensmail/.m2/repository/org/junit/platform/junit-platform-commons/1.3.2/junit-platform-commons-1.3.2.jar:/Users/hajjarbensmail/.m2/repository/org/junit/jupiter/junit-jupiter-engine/5.3.2/junit-jupiter-engine-5.3.2.jar:/Users/hajjarbensmail/.m2/repository/org/junit/platform/junit-platform-engine/1.3.2/junit-platform-engine-1.3.2.jar:"/>
    <property name="java.vm.vendor" value="Oracle Corporation"/>
    <property name="sun.arch.data.model" value="64"/>
    <property name="java.vendor.url" value="http://java.oracle.com/"/>
    <property name="user.timezone" value=""/>
    <property name="java.vm.specification.version" value="1.8"/>
    <property name="os.name" value="Mac OS X"/>
    <property name="user.country" value="FR"/>
    <property name="sun.java.launcher" value="SUN_STANDARD"/>
    <property name="sun.boot.library.path" value="/Library/Java/JavaVirtualMachines/jdk1.8.0_192.jdk/Contents/Home/jre/lib"/>
    <property name="sun.java.command" value="/Users/hajjarbensmail/Desktop/wunderit/target/surefire/surefirebooter6549496831546709567.jar /Users/hajjarbensmail/Desktop/wunderit/target/surefire 2019-05-14T11-15-38_276-jvmRun1 surefire1752041590130426564tmp surefire_05049941587789306128tmp"/>
    <property name="http.nonProxyHosts" value="local|*.local|169.254/16|*.169.254/16"/>
    <property name="surefire.test.class.path" value="/Users/hajjarbensmail/Desktop/wunderit/target/test-classes:/Users/hajjarbensmail/Desktop/wunderit/target/classes:/Users/hajjarbensmail/.m2/repository/org/springframework/boot/spring-boot-starter-jersey/1.2.7.RELEASE/spring-boot-starter-jersey-1.2.7.RELEASE.jar:/Users/hajjarbensmail/.m2/repository/org/springframework/boot/spring-boot-starter/1.2.7.RELEASE/spring-boot-starter-1.2.7.RELEASE.jar:/Users/hajjarbensmail/.m2/repository/org/springframework/boot/spring-boot/1.2.7.RELEASE/spring-boot-1.2.7.RELEASE.jar:/Users/hajjarbensmail/.m2/repository/org/springframework/boot/spring-boot-autoconfigure/1.2.7.RELEASE/spring-boot-autoconfigure-1.2.7.RELEASE.jar:/Users/hajjarbensmail/.m2/repository/org/springframework/boot/spring-boot-starter-logging/1.2.7.RELEASE/spring-boot-starter-logging-1.2.7.RELEASE.jar:/Users/hajjarbensmail/.m2/repository/org/slf4j/jcl-over-slf4j/1.7.12/jcl-over-slf4j-1.7.12.jar:/Users/hajjarbensmail/.m2/repository/org/slf4j/slf4j-api/1.7.12/slf4j-api-1.7.12.jar:/Users/hajjarbensmail/.m2/repository/org/slf4j/jul-to-slf4j/1.7.12/jul-to-slf4j-1.7.12.jar:/Users/hajjarbensmail/.m2/repository/org/slf4j/log4j-over-slf4j/1.7.12/log4j-over-slf4j-1.7.12.jar:/Users/hajjarbensmail/.m2/repository/ch/qos/logback/logback-classic/1.1.3/logback-classic-1.1.3.jar:/Users/hajjarbensmail/.m2/repository/ch/qos/logback/logback-core/1.1.3/logback-core-1.1.3.jar:/Users/hajjarbensmail/.m2/repository/org/yaml/snakeyaml/1.14/snakeyaml-1.14.jar:/Users/hajjarbensmail/.m2/repository/com/fasterxml/jackson/core/jackson-databind/2.4.6/jackson-databind-2.4.6.jar:/Users/hajjarbensmail/.m2/repository/com/fasterxml/jackson/core/jackson-annotations/2.4.6/jackson-annotations-2.4.6.jar:/Users/hajjarbensmail/.m2/repository/com/fasterxml/jackson/core/jackson-core/2.4.6/jackson-core-2.4.6.jar:/Users/hajjarbensmail/.m2/repository/org/hibernate/hibernate-validator/5.1.3.Final/hibernate-validator-5.1.3.Final.jar:/Users/hajjarbensmail/.m2/repository/javax/validation/validation-api/1.1.0.Final/validation-api-1.1.0.Final.jar:/Users/hajjarbensmail/.m2/repository/org/jboss/logging/jboss-logging/3.1.3.GA/jboss-logging-3.1.3.GA.jar:/Users/hajjarbensmail/.m2/repository/com/fasterxml/classmate/1.0.0/classmate-1.0.0.jar:/Users/hajjarbensmail/.m2/repository/org/springframework/spring-core/4.1.8.RELEASE/spring-core-4.1.8.RELEASE.jar:/Users/hajjarbensmail/.m2/repository/org/springframework/spring-web/4.1.8.RELEASE/spring-web-4.1.8.RELEASE.jar:/Users/hajjarbensmail/.m2/repository/org/springframework/spring-aop/4.1.8.RELEASE/spring-aop-4.1.8.RELEASE.jar:/Users/hajjarbensmail/.m2/repository/aopalliance/aopalliance/1.0/aopalliance-1.0.jar:/Users/hajjarbensmail/.m2/repository/org/springframework/spring-beans/4.1.8.RELEASE/spring-beans-4.1.8.RELEASE.jar:/Users/hajjarbensmail/.m2/repository/org/springframework/spring-context/4.1.8.RELEASE/spring-context-4.1.8.RELEASE.jar:/Users/hajjarbensmail/.m2/repository/org/springframework/spring-expression/4.1.8.RELEASE/spring-expression-4.1.8.RELEASE.jar:/Users/hajjarbensmail/.m2/repository/org/glassfish/jersey/core/jersey-server/2.14/jersey-server-2.14.jar:/Users/hajjarbensmail/.m2/repository/org/glassfish/jersey/core/jersey-common/2.14/jersey-common-2.14.jar:/Users/hajjarbensmail/.m2/repository/org/glassfish/jersey/bundles/repackaged/jersey-guava/2.14/jersey-guava-2.14.jar:/Users/hajjarbensmail/.m2/repository/org/glassfish/hk2/osgi-resource-locator/1.0.1/osgi-resource-locator-1.0.1.jar:/Users/hajjarbensmail/.m2/repository/org/glassfish/jersey/core/jersey-client/2.14/jersey-client-2.14.jar:/Users/hajjarbensmail/.m2/repository/javax/ws/rs/javax.ws.rs-api/2.0.1/javax.ws.rs-api-2.0.1.jar:/Users/hajjarbensmail/.m2/repository/javax/annotation/javax.annotation-api/1.2/javax.annotation-api-1.2.jar:/Users/hajjarbensmail/.m2/repository/org/glassfish/hk2/hk2-api/2.4.0-b06/hk2-api-2.4.0-b06.jar:/Users/hajjarbensmail/.m2/repository/org/glassfish/hk2/hk2-utils/2.4.0-b06/hk2-utils-2.4.0-b06.jar:/Users/hajjarbensmail/.m2/repository/org/glassfish/hk2/external/aopalliance-repackaged/2.4.0-b06/aopalliance-repackaged-2.4.0-b06.jar:/Users/hajjarbensmail/.m2/repository/org/glassfish/hk2/external/javax.inject/2.4.0-b06/javax.inject-2.4.0-b06.jar:/Users/hajjarbensmail/.m2/repository/org/glassfish/hk2/hk2-locator/2.4.0-b06/hk2-locator-2.4.0-b06.jar:/Users/hajjarbensmail/.m2/repository/org/javassist/javassist/3.18.1-GA/javassist-3.18.1-GA.jar:/Users/hajjarbensmail/.m2/repository/org/glassfish/jersey/containers/jersey-container-servlet-core/2.14/jersey-container-servlet-core-2.14.jar:/Users/hajjarbensmail/.m2/repository/org/glassfish/jersey/containers/jersey-container-servlet/2.14/jersey-container-servlet-2.14.jar:/Users/hajjarbensmail/.m2/repository/org/glassfish/jersey/ext/jersey-bean-validation/2.14/jersey-bean-validation-2.14.jar:/Users/hajjarbensmail/.m2/repository/org/glassfish/jersey/ext/jersey-spring3/2.14/jersey-spring3-2.14.jar:/Users/hajjarbensmail/.m2/repository/org/glassfish/hk2/hk2/2.4.0-b06/hk2-2.4.0-b06.jar:/Users/hajjarbensmail/.m2/repository/org/glassfish/hk2/config-types/2.4.0-b06/config-types-2.4.0-b06.jar:/Users/hajjarbensmail/.m2/repository/org/glassfish/hk2/core/2.4.0-b06/core-2.4.0-b06.jar:/Users/hajjarbensmail/.m2/repository/org/glassfish/hk2/hk2-config/2.4.0-b06/hk2-config-2.4.0-b06.jar:/Users/hajjarbensmail/.m2/repository/org/jvnet/tiger-types/1.4/tiger-types-1.4.jar:/Users/hajjarbensmail/.m2/repository/org/glassfish/hk2/external/bean-validator/2.4.0-b06/bean-validator-2.4.0-b06.jar:/Users/hajjarbensmail/.m2/repository/org/glassfish/hk2/hk2-runlevel/2.4.0-b06/hk2-runlevel-2.4.0-b06.jar:/Users/hajjarbensmail/.m2/repository/org/glassfish/hk2/class-model/2.4.0-b06/class-model-2.4.0-b06.jar:/Users/hajjarbensmail/.m2/repository/org/glassfish/hk2/external/asm-all-repackaged/2.4.0-b06/asm-all-repackaged-2.4.0-b06.jar:/Users/hajjarbensmail/.m2/repository/org/glassfish/hk2/spring-bridge/2.4.0-b06/spring-bridge-2.4.0-b06.jar:/Users/hajjarbensmail/.m2/repository/org/glassfish/jersey/media/jersey-media-json-jackson/2.14/jersey-media-json-jackson-2.14.jar:/Users/hajjarbensmail/.m2/repository/com/fasterxml/jackson/jaxrs/jackson-jaxrs-base/2.3.2/jackson-jaxrs-base-2.3.2.jar:/Users/hajjarbensmail/.m2/repository/com/fasterxml/jackson/jaxrs/jackson-jaxrs-json-provider/2.3.2/jackson-jaxrs-json-provider-2.3.2.jar:/Users/hajjarbensmail/.m2/repository/com/fasterxml/jackson/module/jackson-module-jaxb-annotations/2.3.2/jackson-module-jaxb-annotations-2.3.2.jar:/Users/hajjarbensmail/.m2/repository/org/springframework/boot/spring-boot-starter-jetty/1.2.7.RELEASE/spring-boot-starter-jetty-1.2.7.RELEASE.jar:/Users/hajjarbensmail/.m2/repository/org/eclipse/jetty/jetty-jsp/9.2.13.v20150730/jetty-jsp-9.2.13.v20150730.jar:/Users/hajjarbensmail/.m2/repository/org/eclipse/jetty/toolchain/jetty-schemas/3.1.M0/jetty-schemas-3.1.M0.jar:/Users/hajjarbensmail/.m2/repository/javax/servlet/javax.servlet-api/3.1.0/javax.servlet-api-3.1.0.jar:/Users/hajjarbensmail/.m2/repository/javax/servlet/jsp/javax.servlet.jsp-api/2.3.1/javax.servlet.jsp-api-2.3.1.jar:/Users/hajjarbensmail/.m2/repository/org/glassfish/web/javax.servlet.jsp/2.3.2/javax.servlet.jsp-2.3.2.jar:/Users/hajjarbensmail/.m2/repository/org/eclipse/jetty/orbit/javax.servlet.jsp.jstl/1.2.0.v201105211821/javax.servlet.jsp.jstl-1.2.0.v201105211821.jar:/Users/hajjarbensmail/.m2/repository/org/glassfish/web/javax.servlet.jsp.jstl/1.2.2/javax.servlet.jsp.jstl-1.2.2.jar:/Users/hajjarbensmail/.m2/repository/org/glassfish/javax.el/3.0.0/javax.el-3.0.0.jar:/Users/hajjarbensmail/.m2/repository/org/eclipse/jetty/orbit/org.eclipse.jdt.core/3.8.2.v20130121/org.eclipse.jdt.core-3.8.2.v20130121.jar:/Users/hajjarbensmail/.m2/repository/org/eclipse/jetty/jetty-webapp/9.2.13.v20150730/jetty-webapp-9.2.13.v20150730.jar:/Users/hajjarbensmail/.m2/repository/org/eclipse/jetty/jetty-xml/9.2.13.v20150730/jetty-xml-9.2.13.v20150730.jar:/Users/hajjarbensmail/.m2/repository/org/eclipse/jetty/jetty-util/9.2.13.v20150730/jetty-util-9.2.13.v20150730.jar:/Users/hajjarbensmail/.m2/repository/org/eclipse/jetty/jetty-servlet/9.2.13.v20150730/jetty-servlet-9.2.13.v20150730.jar:/Users/hajjarbensmail/.m2/repository/org/eclipse/jetty/jetty-security/9.2.13.v20150730/jetty-security-9.2.13.v20150730.jar:/Users/hajjarbensmail/.m2/repository/org/eclipse/jetty/jetty-server/9.2.13.v20150730/jetty-server-9.2.13.v20150730.jar:/Users/hajjarbensmail/.m2/repository/org/eclipse/jetty/websocket/websocket-server/9.2.13.v20150730/websocket-server-9.2.13.v20150730.jar:/Users/hajjarbensmail/.m2/repository/org/eclipse/jetty/websocket/websocket-common/9.2.13.v20150730/websocket-common-9.2.13.v20150730.jar:/Users/hajjarbensmail/.m2/repository/org/eclipse/jetty/websocket/websocket-api/9.2.13.v20150730/websocket-api-9.2.13.v20150730.jar:/Users/hajjarbensmail/.m2/repository/org/eclipse/jetty/jetty-io/9.2.13.v20150730/jetty-io-9.2.13.v20150730.jar:/Users/hajjarbensmail/.m2/repository/org/eclipse/jetty/websocket/websocket-client/9.2.13.v20150730/websocket-client-9.2.13.v20150730.jar:/Users/hajjarbensmail/.m2/repository/org/eclipse/jetty/websocket/websocket-servlet/9.2.13.v20150730/websocket-servlet-9.2.13.v20150730.jar:/Users/hajjarbensmail/.m2/repository/org/eclipse/jetty/jetty-http/9.2.13.v20150730/jetty-http-9.2.13.v20150730.jar:/Users/hajjarbensmail/.m2/repository/org/eclipse/jetty/websocket/javax-websocket-server-impl/9.2.13.v20150730/javax-websocket-server-impl-9.2.13.v20150730.jar:/Users/hajjarbensmail/.m2/repository/org/eclipse/jetty/jetty-annotations/9.2.13.v20150730/jetty-annotations-9.2.13.v20150730.jar:/Users/hajjarbensmail/.m2/repository/org/eclipse/jetty/jetty-plus/9.2.13.v20150730/jetty-plus-9.2.13.v20150730.jar:/Users/hajjarbensmail/.m2/repository/org/eclipse/jetty/jetty-jndi/9.2.13.v20150730/jetty-jndi-9.2.13.v20150730.jar:/Users/hajjarbensmail/.m2/repository/org/ow2/asm/asm/5.0.1/asm-5.0.1.jar:/Users/hajjarbensmail/.m2/repository/org/ow2/asm/asm-commons/5.0.1/asm-commons-5.0.1.jar:/Users/hajjarbensmail/.m2/repository/org/ow2/asm/asm-tree/5.0.1/asm-tree-5.0.1.jar:/Users/hajjarbensmail/.m2/repository/org/eclipse/jetty/websocket/javax-websocket-client-impl/9.2.13.v20150730/javax-websocket-client-impl-9.2.13.v20150730.jar:/Users/hajjarbensmail/.m2/repository/javax/websocket/javax.websocket-api/1.0/javax.websocket-api-1.0.jar:/Users/hajjarbensmail/.m2/repository/org/msgpack/jackson-dataformat-msgpack/0.7.1/jackson-dataformat-msgpack-0.7.1.jar:/Users/hajjarbensmail/.m2/repository/org/msgpack/msgpack-core/0.7.1/msgpack-core-0.7.1.jar:/Users/hajjarbensmail/.m2/repository/org/projectlombok/lombok/1.16.4/lombok-1.16.4.jar:/Users/hajjarbensmail/.m2/repository/org/springframework/boot/spring-boot-starter-test/1.2.7.RELEASE/spring-boot-starter-test-1.2.7.RELEASE.jar:/Users/hajjarbensmail/.m2/repository/org/mockito/mockito-core/1.10.19/mockito-core-1.10.19.jar:/Users/hajjarbensmail/.m2/repository/org/objenesis/objenesis/2.1/objenesis-2.1.jar:/Users/hajjarbensmail/.m2/repository/org/hamcrest/hamcrest-core/1.3/hamcrest-core-1.3.jar:/Users/hajjarbensmail/.m2/repository/org/hamcrest/hamcrest-library/1.3/hamcrest-library-1.3.jar:/Users/hajjarbensmail/.m2/repository/org/springframework/spring-test/4.1.8.RELEASE/spring-test-4.1.8.RELEASE.jar:/Users/hajjarbensmail/.m2/repository/com/jayway/restassured/rest-assured/2.4.1/rest-assured-2.4.1.jar:/Users/hajjarbensmail/.m2/repository/org/codehaus/groovy/groovy/2.4.4/groovy-2.4.4.jar:/Users/hajjarbensmail/.m2/repository/org/codehaus/groovy/groovy-xml/2.4.4/groovy-xml-2.4.4.jar:/Users/hajjarbensmail/.m2/repository/org/apache/httpcomponents/httpclient/4.3.6/httpclient-4.3.6.jar:/Users/hajjarbensmail/.m2/repository/org/apache/httpcomponents/httpcore/4.3.3/httpcore-4.3.3.jar:/Users/hajjarbensmail/.m2/repository/commons-codec/commons-codec/1.6/commons-codec-1.6.jar:/Users/hajjarbensmail/.m2/repository/org/apache/httpcomponents/httpmime/4.3.6/httpmime-4.3.6.jar:/Users/hajjarbensmail/.m2/repository/org/ccil/cowan/tagsoup/tagsoup/1.2.1/tagsoup-1.2.1.jar:/Users/hajjarbensmail/.m2/repository/com/jayway/restassured/json-path/2.4.1/json-path-2.4.1.jar:/Users/hajjarbensmail/.m2/repository/org/codehaus/groovy/groovy-json/2.4.4/groovy-json-2.4.4.jar:/Users/hajjarbensmail/.m2/repository/com/jayway/restassured/rest-assured-common/2.4.1/rest-assured-common-2.4.1.jar:/Users/hajjarbensmail/.m2/repository/com/jayway/restassured/xml-path/2.4.1/xml-path-2.4.1.jar:/Users/hajjarbensmail/.m2/repository/org/apache/commons/commons-lang3/3.3.2/commons-lang3-3.3.2.jar:/Users/hajjarbensmail/.m2/repository/org/junit/jupiter/junit-jupiter-api/5.3.2/junit-jupiter-api-5.3.2.jar:/Users/hajjarbensmail/.m2/repository/org/apiguardian/apiguardian-api/1.0.0/apiguardian-api-1.0.0.jar:/Users/hajjarbensmail/.m2/repository/org/opentest4j/opentest4j/1.1.1/opentest4j-1.1.1.jar:/Users/hajjarbensmail/.m2/repository/org/junit/platform/junit-platform-commons/1.3.2/junit-platform-commons-1.3.2.jar:/Users/hajjarbensmail/.m2/repository/org/junit/jupiter/junit-jupiter-engine/5.3.2/junit-jupiter-engine-5.3.2.jar:/Users/hajjarbensmail/.m2/repository/org/junit/platform/junit-platform-engine/1.3.2/junit-platform-engine-1.3.2.jar:"/>
    <property name="sun.cpu.endian" value="little"/>
    <property name="user.home" value="/Users/hajjarbensmail"/>
    <property name="user.language" value="fr"/>
    <property name="java.specification.vendor" value="Oracle Corporation"/>
    <property name="java.home" value="/Library/Java/JavaVirtualMachines/jdk1.8.0_192.jdk/Contents/Home/jre"/>
    <property name="basedir" value="/Users/hajjarbensmail/Desktop/wunderit"/>
    <property name="file.separator" value="/"/>
    <property name="line.separator" value="&#10;"/>
    <property name="java.vm.specification.vendor" value="Oracle Corporation"/>
    <property name="java.specification.name" value="Java Platform API Specification"/>
    <property name="java.awt.graphicsenv" value="sun.awt.CGraphicsEnvironment"/>
    <property name="surefire.real.class.path" value="/Users/hajjarbensmail/Desktop/wunderit/target/surefire/surefirebooter6549496831546709567.jar"/>
    <property name="sun.boot.class.path" value="/Library/Java/JavaVirtualMachines/jdk1.8.0_192.jdk/Contents/Home/jre/lib/resources.jar:/Library/Java/JavaVirtualMachines/jdk1.8.0_192.jdk/Contents/Home/jre/lib/rt.jar:/Library/Java/JavaVirtualMachines/jdk1.8.0_192.jdk/Contents/Home/jre/lib/sunrsasign.jar:/Library/Java/JavaVirtualMachines/jdk1.8.0_192.jdk/Contents/Home/jre/lib/jsse.jar:/Library/Java/JavaVirtualMachines/jdk1.8.0_192.jdk/Contents/Home/jre/lib/jce.jar:/Library/Java/JavaVirtualMachines/jdk1.8.0_192.jdk/Contents/Home/jre/lib/charsets.jar:/Library/Java/JavaVirtualMachines/jdk1.8.0_192.jdk/Contents/Home/jre/lib/jfr.jar:/Library/Java/JavaVirtualMachines/jdk1.8.0_192.jdk/Contents/Home/jre/classes"/>
    <property name="sun.management.compiler" value="HotSpot 64-Bit Tiered Compilers"/>
    <property name="ftp.nonProxyHosts" value="local|*.local|169.254/16|*.169.254/16"/>
    <property name="java.runtime.version" value="1.8.0_192-b12"/>
    <property name="user.name" value="hajjarbensmail"/>
    <property name="path.separator" value=":"/>
    <property name="os.version" value="10.14.3"/>
    <property name="java.endorsed.dirs" value="/Library/Java/JavaVirtualMachines/jdk1.8.0_192.jdk/Contents/Home/jre/lib/endorsed"/>
    <property name="java.runtime.name" value="Java(TM) SE Runtime Environment"/>
    <property name="file.encoding" value="UTF-8"/>
    <property name="java.vm.name" value="Java HotSpot(TM) 64-Bit Server VM"/>
    <property name="localRepository" value="/Users/hajjarbensmail/.m2/repository"/>
    <property name="java.vendor.url.bug" value="http://bugreport.sun.com/bugreport/"/>
    <property name="java.io.tmpdir" value="/var/folders/_7/g_f78t6918d7ckfgkdsrlsxm0000gn/T/"/>
    <property name="java.version" value="1.8.0_192"/>
    <property name="user.dir" value="/Users/hajjarbensmail/Desktop/wunderit"/>
    <property name="os.arch" value="x86_64"/>
    <property name="java.vm.specification.name" value="Java Virtual Machine Specification"/>
    <property name="java.awt.printerjob" value="sun.lwawt.macosx.CPrinterJob"/>
    <property name="sun.os.patch.level" value="unknown"/>
    <property name="java.library.path" value="/Users/hajjarbensmail/Library/Java/Extensions:/Library/Java/Extensions:/Network/Library/Java/Extensions:/System/Library/Java/Extensions:/usr/lib/java:."/>
    <property name="java.vm.info" value="mixed mode"/>
    <property name="java.vendor" value="Oracle Corporation"/>
    <property name="java.vm.version" value="25.192-b12"/>
    <property name="java.ext.dirs" value="/Users/hajjarbensmail/Library/Java/Extensions:/Library/Java/JavaVirtualMachines/jdk1.8.0_192.jdk/Contents/Home/jre/lib/ext:/Library/Java/Extensions:/Network/Library/Java/Extensions:/System/Library/Java/Extensions:/usr/lib/java"/>
    <property name="sun.io.unicode.encoding" value="UnicodeBig"/>
    <property name="java.class.version" value="52.0"/>
    <property name="socksNonProxyHosts" value="local|*.local|169.254/16|*.169.254/16"/>
  </properties>
  <testcase name="testFail" classname="DemoApplicationTests" time="0.061"/>
  <testcase name="testPassed" classname="DemoApplicationTests" time="0"/>
</testsuite>